<?xml version="1.0" encoding="UTF-8"?>
<testsuite xmlns:xsi="http://www.w3.org/2001/XMLSchema-instance" xsi:schemaLocation="https://maven.apache.org/surefire/maven-surefire-plugin/xsd/surefire-test-report.xsd" name="TestSuite" time="1.411" tests="9" errors="0" skipped="1" failures="1">
  <properties>
[...]
</properties>
  <testcase name="abc" classname="tests.Testing1" time="0.015"/>
  <testcase name="abc" classname="tests.Testing1" time="0"/>
  <testcase name="test1" classname="tests.Testing1" time="0.005"/>
  <testcase name="test2" classname="tests.Testing1" time="0.01"/>
  <testcase name="test3" classname="tests.Testing2" time="0.005"/>
  <testcase name="test4" classname="tests.Testing2" time="0.01"/>
  <testcase name="createUser" classname="tests.Testing3" time="0"/>
  <testcase name="editUser" classname="tests.Testing3" time="0.015">
    <failure message="The following asserts failed:&#10;	Verifying Element expected [true] but found [false]" type="java.lang.AssertionError">java.lang.AssertionError: 
The following asserts failed:
	Verifying Element expected [true] but found [false]
	at tests.Testing3.editUser(Testing3.java:26)
</failure>
    <system-out><![CDATA[Before assertion
After assertion
]]></system-out>
  </testcase>
  <testcase name="deleteUser" classname="tests.Testing3" time="0">
    <skipped message="Method Testing3.deleteUser()[pri:3, instance:tests.Testing3@1a3869f4] depends on not successfully finished methods"/>
  </testcase>
</testsuite>